<?xml version="1.0" encoding="UTF-8"?>
<TestRun id="586c2f36-07a0-4b09-9388-1f7a97a39a9b" name="krishan-kant@INGGNEL81DLYX1 2017-07-28 11:30:27" runUser="MERCER\krishan-kant" xmlns="http://microsoft.com/schemas/VisualStudio/TeamTest/2010">
  <Times creation="2017-07-28T11:30:27.0725364+05:30" queuing="2017-07-28T11:30:27.0725364+05:30" start="2017-07-28T11:30:26.3208372+05:30" finish="2017-07-28T11:30:27.2584620+05:30" />
  <TestSettings name="default" id="9c2b92a3-0dba-46f7-8376-c7463ac32baa">
    <Execution>
      <TestTypeSpecific />
    </Execution>
    <Deployment runDeploymentRoot="krishan-kant_INGGNEL81DLYX1 2017-07-28 11_30_27" />
    <Properties />
  </TestSettings>
  <Results>
    <UnitTestResult executionId="cb5db9d2-1131-4eed-b9ff-c455ad68bb9d" testId="ae87161b-2afe-a193-fe67-e4e9ff59fb99" testName="getNameTests" computerName="INGGNEL81DLYX1" duration="00:00:00.0524458" startTime="2017-07-28T11:30:26.3208372+05:30" endTime="2017-07-28T11:30:26.6157192+05:30" testType="13cdc9d9-ddb5-4fa4-a97d-d965ccfc6d4b" outcome="Passed" testListId="8c84fa94-04c1-424b-9868-57a2d4851a1d" relativeResultsDirectory="cb5db9d2-1131-4eed-b9ff-c455ad68bb9d" />
    <UnitTestResult executionId="5ef9bc2e-caac-4a78-a5fb-72990a1add0d" testId="b7d498b2-7e2f-2279-887d-ff8de18bccc1" testName="getNameTests1" computerName="INGGNEL81DLYX1" duration="00:00:00.0834640" startTime="2017-07-28T11:30:26.6277144+05:30" endTime="2017-07-28T11:30:26.7116808+05:30" testType="13cdc9d9-ddb5-4fa4-a97d-d965ccfc6d4b" outcome="Failed" testListId="8c84fa94-04c1-424b-9868-57a2d4851a1d" relativeResultsDirectory="5ef9bc2e-caac-4a78-a5fb-72990a1add0d">
      <Output>
        <ErrorInfo>
          <Message>Assert.AreEqual failed. Expected:&lt;Nagendr&gt;. Actual:&lt;Nagendra&gt;. </Message>
          <StackTrace>   at WEBAppTest.UnitTest1.getNameTests1() in C:\Users\krishan-kant\Documents\RMPOC\RMPOC\WEBAppTest\UnitTest1.cs:line 22
</StackTrace>
        </ErrorInfo>
      </Output>
    </UnitTestResult>
    <UnitTestResult executionId="73b2b419-15d1-43a8-91e8-9765ecc1df57" testId="bc6ef9e4-759f-8e93-2f1b-8571ba5e5b00" testName="Add" computerName="INGGNEL81DLYX1" duration="00:00:00.0003705" startTime="2017-07-28T11:30:26.7116808+05:30" endTime="2017-07-28T11:30:26.7126804+05:30" testType="13cdc9d9-ddb5-4fa4-a97d-d965ccfc6d4b" outcome="Passed" testListId="8c84fa94-04c1-424b-9868-57a2d4851a1d" relativeResultsDirectory="73b2b419-15d1-43a8-91e8-9765ecc1df57" />
    <UnitTestResult executionId="c7177c40-733e-4d63-86d4-6eb9aa39b0f2" testId="74f28366-866f-4341-46f0-e9ca9187a6b2" testName="GetDetails" computerName="INGGNEL81DLYX1" duration="00:00:00.0001814" startTime="2017-07-28T11:30:26.7126804+05:30" endTime="2017-07-28T11:30:26.7136800+05:30" testType="13cdc9d9-ddb5-4fa4-a97d-d965ccfc6d4b" outcome="Passed" testListId="8c84fa94-04c1-424b-9868-57a2d4851a1d" relativeResultsDirectory="c7177c40-733e-4d63-86d4-6eb9aa39b0f2" />
    <UnitTestResult executionId="e6af5dd5-f086-4fdf-a942-e5345d6a0f33" testId="e93c090e-84aa-70d9-84f0-2258ce9ca5d8" testName="GetAct" computerName="INGGNEL81DLYX1" duration="00:00:00.0001818" startTime="2017-07-28T11:30:26.7136800+05:30" endTime="2017-07-28T11:30:26.7146796+05:30" testType="13cdc9d9-ddb5-4fa4-a97d-d965ccfc6d4b" outcome="Passed" testListId="8c84fa94-04c1-424b-9868-57a2d4851a1d" relativeResultsDirectory="e6af5dd5-f086-4fdf-a942-e5345d6a0f33" />
    <UnitTestResult executionId="6b991022-f6dc-4cf8-9ddd-00ac4d4a2fd2" testId="04494f54-9c18-7996-8c83-2262e3cc8f04" testName="EditValue" computerName="INGGNEL81DLYX1" duration="00:00:00.0002556" startTime="2017-07-28T11:30:26.7146796+05:30" endTime="2017-07-28T11:30:26.7166788+05:30" testType="13cdc9d9-ddb5-4fa4-a97d-d965ccfc6d4b" outcome="Passed" testListId="8c84fa94-04c1-424b-9868-57a2d4851a1d" relativeResultsDirectory="6b991022-f6dc-4cf8-9ddd-00ac4d4a2fd2" />
    <UnitTestResult executionId="9e9e6df7-6d38-4742-bc36-1cefc4521c10" testId="056430bf-e211-632a-7324-223df25a77c8" testName="EditValue1" computerName="INGGNEL81DLYX1" duration="00:00:00.0002526" startTime="2017-07-28T11:30:26.7166788+05:30" endTime="2017-07-28T11:30:26.7176784+05:30" testType="13cdc9d9-ddb5-4fa4-a97d-d965ccfc6d4b" outcome="Passed" testListId="8c84fa94-04c1-424b-9868-57a2d4851a1d" relativeResultsDirectory="9e9e6df7-6d38-4742-bc36-1cefc4521c10" />
    <UnitTestResult executionId="1a0aeb6e-37b3-4be6-aefe-183d89875692" testId="608d371d-4b42-75ce-6bdd-b43be418ee43" testName="SetValue" computerName="INGGNEL81DLYX1" duration="00:00:00.0001365" startTime="2017-07-28T11:30:26.7176784+05:30" endTime="2017-07-28T11:30:26.7176784+05:30" testType="13cdc9d9-ddb5-4fa4-a97d-d965ccfc6d4b" outcome="Passed" testListId="8c84fa94-04c1-424b-9868-57a2d4851a1d" relativeResultsDirectory="1a0aeb6e-37b3-4be6-aefe-183d89875692" />
    <UnitTestResult executionId="bb9119b6-4592-4795-a6cd-749ed66e3061" testId="41c64251-249e-dd75-d99c-c72e2017a3d7" testName="Allow" computerName="INGGNEL81DLYX1" duration="00:00:00.0001183" startTime="2017-07-28T11:30:26.7176784+05:30" endTime="2017-07-28T11:30:26.7186780+05:30" testType="13cdc9d9-ddb5-4fa4-a97d-d965ccfc6d4b" outcome="Passed" testListId="8c84fa94-04c1-424b-9868-57a2d4851a1d" relativeResultsDirectory="bb9119b6-4592-4795-a6cd-749ed66e3061" />
    <UnitTestResult executionId="fcb6b513-54ab-4fa2-991f-ec7eb2823f15" testId="c71e658e-3bd6-6b83-515f-5bfbd1406dfb" testName="TestMethod12" computerName="INGGNEL81DLYX1" duration="00:00:00.0002374" startTime="2017-07-28T11:30:27.0495456+05:30" endTime="2017-07-28T11:30:27.0505452+05:30" testType="13cdc9d9-ddb5-4fa4-a97d-d965ccfc6d4b" outcome="Passed" testListId="8c84fa94-04c1-424b-9868-57a2d4851a1d" relativeResultsDirectory="fcb6b513-54ab-4fa2-991f-ec7eb2823f15" />
    <UnitTestResult executionId="ff053879-cd9a-4aca-a499-4a7a580a9bd5" testId="4acd0773-ff9a-c4bb-570f-03894dc9aa55" testName="Added" computerName="INGGNEL81DLYX1" duration="00:00:00.0001529" startTime="2017-07-28T11:30:27.0505452+05:30" endTime="2017-07-28T11:30:27.0505452+05:30" testType="13cdc9d9-ddb5-4fa4-a97d-d965ccfc6d4b" outcome="Passed" testListId="8c84fa94-04c1-424b-9868-57a2d4851a1d" relativeResultsDirectory="ff053879-cd9a-4aca-a499-4a7a580a9bd5" />
    <UnitTestResult executionId="8566cc65-f98c-4458-ba3d-3bffc5438281" testId="d90e2038-5c19-d405-cd20-674baac5b536" testName="GetDetailsdata" computerName="INGGNEL81DLYX1" duration="00:00:00.0001441" startTime="2017-07-28T11:30:27.0515448+05:30" endTime="2017-07-28T11:30:27.0515448+05:30" testType="13cdc9d9-ddb5-4fa4-a97d-d965ccfc6d4b" outcome="Passed" testListId="8c84fa94-04c1-424b-9868-57a2d4851a1d" relativeResultsDirectory="8566cc65-f98c-4458-ba3d-3bffc5438281" />
    <UnitTestResult executionId="4626f732-e125-4ade-b0c4-bded17f564b9" testId="9dcaec13-6c3a-4d95-818c-445de6f166ea" testName="GetActEMP" computerName="INGGNEL81DLYX1" duration="00:00:00.0001217" startTime="2017-07-28T11:30:27.0515448+05:30" endTime="2017-07-28T11:30:27.0525444+05:30" testType="13cdc9d9-ddb5-4fa4-a97d-d965ccfc6d4b" outcome="Passed" testListId="8c84fa94-04c1-424b-9868-57a2d4851a1d" relativeResultsDirectory="4626f732-e125-4ade-b0c4-bded17f564b9" />
    <UnitTestResult executionId="868379bd-a7b1-4f56-a152-2b5fd0bfcd4f" testId="63e11fea-a1ab-8323-e8e3-b136572d5069" testName="EditValueofEMP" computerName="INGGNEL81DLYX1" duration="00:00:00.0001171" startTime="2017-07-28T11:30:27.0525444+05:30" endTime="2017-07-28T11:30:27.0525444+05:30" testType="13cdc9d9-ddb5-4fa4-a97d-d965ccfc6d4b" outcome="Passed" testListId="8c84fa94-04c1-424b-9868-57a2d4851a1d" relativeResultsDirectory="868379bd-a7b1-4f56-a152-2b5fd0bfcd4f" />
    <UnitTestResult executionId="44ec4d0f-3a38-459c-ada1-ab70674a6bfa" testId="18b9914d-4a07-24ba-9ec5-0156651db0b1" testName="EditValueofData" computerName="INGGNEL81DLYX1" duration="00:00:00.0002134" startTime="2017-07-28T11:30:27.0525444+05:30" endTime="2017-07-28T11:30:27.0535440+05:30" testType="13cdc9d9-ddb5-4fa4-a97d-d965ccfc6d4b" outcome="Passed" testListId="8c84fa94-04c1-424b-9868-57a2d4851a1d" relativeResultsDirectory="44ec4d0f-3a38-459c-ada1-ab70674a6bfa" />
    <UnitTestResult executionId="3fc175c3-e58a-4ddd-9a81-208b4810dc62" testId="cff466a5-ca6c-d66d-8e52-e36ea81e6df1" testName="SetValueABC" computerName="INGGNEL81DLYX1" duration="00:00:00.0001426" startTime="2017-07-28T11:30:27.0535440+05:30" endTime="2017-07-28T11:30:27.0545436+05:30" testType="13cdc9d9-ddb5-4fa4-a97d-d965ccfc6d4b" outcome="Passed" testListId="8c84fa94-04c1-424b-9868-57a2d4851a1d" relativeResultsDirectory="3fc175c3-e58a-4ddd-9a81-208b4810dc62" />
    <UnitTestResult executionId="c9409cf9-878e-410b-b4ec-3a81ef6155f3" testId="d85b69ec-1650-22ca-a55f-ac4bad811653" testName="AllowTodelete" computerName="INGGNEL81DLYX1" duration="00:00:00.0001194" startTime="2017-07-28T11:30:27.0545436+05:30" endTime="2017-07-28T11:30:27.0545436+05:30" testType="13cdc9d9-ddb5-4fa4-a97d-d965ccfc6d4b" outcome="Passed" testListId="8c84fa94-04c1-424b-9868-57a2d4851a1d" relativeResultsDirectory="c9409cf9-878e-410b-b4ec-3a81ef6155f3" />
  </Results>
  <TestDefinitions>
    <UnitTest name="getNameTests" storage="c:\users\krishan-kant\documents\rmpoc\rmpoc\webapptest\bin\debug\webapptest.dll" id="ae87161b-2afe-a193-fe67-e4e9ff59fb99">
      <Execution id="cb5db9d2-1131-4eed-b9ff-c455ad68bb9d" />
      <TestMethod codeBase="C:\Users\krishan-kant\Documents\RMPOC\RMPOC\WEBAppTest\bin\Debug\webapptest.dll" adapterTypeName="Microsoft.VisualStudio.TestTools.TestTypes.Unit.UnitTestAdapter" className="WEBAppTest.UnitTest1" name="getNameTests" />
    </UnitTest>
    <UnitTest name="getNameTests1" storage="c:\users\krishan-kant\documents\rmpoc\rmpoc\webapptest\bin\debug\webapptest.dll" id="b7d498b2-7e2f-2279-887d-ff8de18bccc1">
      <Execution id="5ef9bc2e-caac-4a78-a5fb-72990a1add0d" />
      <TestMethod codeBase="C:\Users\krishan-kant\Documents\RMPOC\RMPOC\WEBAppTest\bin\Debug\webapptest.dll" adapterTypeName="Microsoft.VisualStudio.TestTools.TestTypes.Unit.UnitTestAdapter" className="WEBAppTest.UnitTest1" name="getNameTests1" />
    </UnitTest>
    <UnitTest name="Add" storage="c:\users\krishan-kant\documents\rmpoc\rmpoc\webapptest\bin\debug\webapptest.dll" id="bc6ef9e4-759f-8e93-2f1b-8571ba5e5b00">
      <Execution id="73b2b419-15d1-43a8-91e8-9765ecc1df57" />
      <TestMethod codeBase="C:\Users\krishan-kant\Documents\RMPOC\RMPOC\WEBAppTest\bin\Debug\webapptest.dll" adapterTypeName="Microsoft.VisualStudio.TestTools.TestTypes.Unit.UnitTestAdapter" className="WEBAppTest.UnitTest1" name="Add" />
    </UnitTest>
    <UnitTest name="GetDetails" storage="c:\users\krishan-kant\documents\rmpoc\rmpoc\webapptest\bin\debug\webapptest.dll" id="74f28366-866f-4341-46f0-e9ca9187a6b2">
      <Execution id="c7177c40-733e-4d63-86d4-6eb9aa39b0f2" />
      <TestMethod codeBase="C:\Users\krishan-kant\Documents\RMPOC\RMPOC\WEBAppTest\bin\Debug\webapptest.dll" adapterTypeName="Microsoft.VisualStudio.TestTools.TestTypes.Unit.UnitTestAdapter" className="WEBAppTest.UnitTest1" name="GetDetails" />
    </UnitTest>
    <UnitTest name="GetAct" storage="c:\users\krishan-kant\documents\rmpoc\rmpoc\webapptest\bin\debug\webapptest.dll" id="e93c090e-84aa-70d9-84f0-2258ce9ca5d8">
      <Execution id="e6af5dd5-f086-4fdf-a942-e5345d6a0f33" />
      <TestMethod codeBase="C:\Users\krishan-kant\Documents\RMPOC\RMPOC\WEBAppTest\bin\Debug\webapptest.dll" adapterTypeName="Microsoft.VisualStudio.TestTools.TestTypes.Unit.UnitTestAdapter" className="WEBAppTest.UnitTest1" name="GetAct" />
    </UnitTest>
    <UnitTest name="EditValue" storage="c:\users\krishan-kant\documents\rmpoc\rmpoc\webapptest\bin\debug\webapptest.dll" id="04494f54-9c18-7996-8c83-2262e3cc8f04">
      <Execution id="6b991022-f6dc-4cf8-9ddd-00ac4d4a2fd2" />
      <TestMethod codeBase="C:\Users\krishan-kant\Documents\RMPOC\RMPOC\WEBAppTest\bin\Debug\webapptest.dll" adapterTypeName="Microsoft.VisualStudio.TestTools.TestTypes.Unit.UnitTestAdapter" className="WEBAppTest.UnitTest1" name="EditValue" />
    </UnitTest>
    <UnitTest name="EditValue1" storage="c:\users\krishan-kant\documents\rmpoc\rmpoc\webapptest\bin\debug\webapptest.dll" id="056430bf-e211-632a-7324-223df25a77c8">
      <Execution id="9e9e6df7-6d38-4742-bc36-1cefc4521c10" />
      <TestMethod codeBase="C:\Users\krishan-kant\Documents\RMPOC\RMPOC\WEBAppTest\bin\Debug\webapptest.dll" adapterTypeName="Microsoft.VisualStudio.TestTools.TestTypes.Unit.UnitTestAdapter" className="WEBAppTest.UnitTest1" name="EditValue1" />
    </UnitTest>
    <UnitTest name="SetValue" storage="c:\users\krishan-kant\documents\rmpoc\rmpoc\webapptest\bin\debug\webapptest.dll" id="608d371d-4b42-75ce-6bdd-b43be418ee43">
      <Execution id="1a0aeb6e-37b3-4be6-aefe-183d89875692" />
      <TestMethod codeBase="C:\Users\krishan-kant\Documents\RMPOC\RMPOC\WEBAppTest\bin\Debug\webapptest.dll" adapterTypeName="Microsoft.VisualStudio.TestTools.TestTypes.Unit.UnitTestAdapter" className="WEBAppTest.UnitTest1" name="SetValue" />
    </UnitTest>
    <UnitTest name="Allow" storage="c:\users\krishan-kant\documents\rmpoc\rmpoc\webapptest\bin\debug\webapptest.dll" id="41c64251-249e-dd75-d99c-c72e2017a3d7">
      <Execution id="bb9119b6-4592-4795-a6cd-749ed66e3061" />
      <TestMethod codeBase="C:\Users\krishan-kant\Documents\RMPOC\RMPOC\WEBAppTest\bin\Debug\webapptest.dll" adapterTypeName="Microsoft.VisualStudio.TestTools.TestTypes.Unit.UnitTestAdapter" className="WEBAppTest.UnitTest1" name="Allow" />
    </UnitTest>
    <UnitTest name="TestMethod12" storage="c:\users\krishan-kant\documents\rmpoc\rmpoc\webapptest\bin\debug\webapptest.dll" id="c71e658e-3bd6-6b83-515f-5bfbd1406dfb">
      <Execution id="fcb6b513-54ab-4fa2-991f-ec7eb2823f15" />
      <TestMethod codeBase="C:\Users\krishan-kant\Documents\RMPOC\RMPOC\WEBAppTest\bin\Debug\webapptest.dll" adapterTypeName="Microsoft.VisualStudio.TestTools.TestTypes.Unit.UnitTestAdapter" className="WEBAppTest.UnitTest1" name="TestMethod12" />
    </UnitTest>
    <UnitTest name="Added" storage="c:\users\krishan-kant\documents\rmpoc\rmpoc\webapptest\bin\debug\webapptest.dll" id="4acd0773-ff9a-c4bb-570f-03894dc9aa55">
      <Execution id="ff053879-cd9a-4aca-a499-4a7a580a9bd5" />
      <TestMethod codeBase="C:\Users\krishan-kant\Documents\RMPOC\RMPOC\WEBAppTest\bin\Debug\webapptest.dll" adapterTypeName="Microsoft.VisualStudio.TestTools.TestTypes.Unit.UnitTestAdapter" className="WEBAppTest.UnitTest1" name="Added" />
    </UnitTest>
    <UnitTest name="GetDetailsdata" storage="c:\users\krishan-kant\documents\rmpoc\rmpoc\webapptest\bin\debug\webapptest.dll" id="d90e2038-5c19-d405-cd20-674baac5b536">
      <Execution id="8566cc65-f98c-4458-ba3d-3bffc5438281" />
      <TestMethod codeBase="C:\Users\krishan-kant\Documents\RMPOC\RMPOC\WEBAppTest\bin\Debug\webapptest.dll" adapterTypeName="Microsoft.VisualStudio.TestTools.TestTypes.Unit.UnitTestAdapter" className="WEBAppTest.UnitTest1" name="GetDetailsdata" />
    </UnitTest>
    <UnitTest name="GetActEMP" storage="c:\users\krishan-kant\documents\rmpoc\rmpoc\webapptest\bin\debug\webapptest.dll" id="9dcaec13-6c3a-4d95-818c-445de6f166ea">
      <Execution id="4626f732-e125-4ade-b0c4-bded17f564b9" />
      <TestMethod codeBase="C:\Users\krishan-kant\Documents\RMPOC\RMPOC\WEBAppTest\bin\Debug\webapptest.dll" adapterTypeName="Microsoft.VisualStudio.TestTools.TestTypes.Unit.UnitTestAdapter" className="WEBAppTest.UnitTest1" name="GetActEMP" />
    </UnitTest>
    <UnitTest name="EditValueofEMP" storage="c:\users\krishan-kant\documents\rmpoc\rmpoc\webapptest\bin\debug\webapptest.dll" id="63e11fea-a1ab-8323-e8e3-b136572d5069">
      <Execution id="868379bd-a7b1-4f56-a152-2b5fd0bfcd4f" />
      <TestMethod codeBase="C:\Users\krishan-kant\Documents\RMPOC\RMPOC\WEBAppTest\bin\Debug\webapptest.dll" adapterTypeName="Microsoft.VisualStudio.TestTools.TestTypes.Unit.UnitTestAdapter" className="WEBAppTest.UnitTest1" name="EditValueofEMP" />
    </UnitTest>
    <UnitTest name="EditValueofData" storage="c:\users\krishan-kant\documents\rmpoc\rmpoc\webapptest\bin\debug\webapptest.dll" id="18b9914d-4a07-24ba-9ec5-0156651db0b1">
      <Execution id="44ec4d0f-3a38-459c-ada1-ab70674a6bfa" />
      <TestMethod codeBase="C:\Users\krishan-kant\Documents\RMPOC\RMPOC\WEBAppTest\bin\Debug\webapptest.dll" adapterTypeName="Microsoft.VisualStudio.TestTools.TestTypes.Unit.UnitTestAdapter" className="WEBAppTest.UnitTest1" name="EditValueofData" />
    </UnitTest>
    <UnitTest name="SetValueABC" storage="c:\users\krishan-kant\documents\rmpoc\rmpoc\webapptest\bin\debug\webapptest.dll" id="cff466a5-ca6c-d66d-8e52-e36ea81e6df1">
      <Execution id="3fc175c3-e58a-4ddd-9a81-208b4810dc62" />
      <TestMethod codeBase="C:\Users\krishan-kant\Documents\RMPOC\RMPOC\WEBAppTest\bin\Debug\webapptest.dll" adapterTypeName="Microsoft.VisualStudio.TestTools.TestTypes.Unit.UnitTestAdapter" className="WEBAppTest.UnitTest1" name="SetValueABC" />
    </UnitTest>
    <UnitTest name="AllowTodelete" storage="c:\users\krishan-kant\documents\rmpoc\rmpoc\webapptest\bin\debug\webapptest.dll" id="d85b69ec-1650-22ca-a55f-ac4bad811653">
      <Execution id="c9409cf9-878e-410b-b4ec-3a81ef6155f3" />
      <TestMethod codeBase="C:\Users\krishan-kant\Documents\RMPOC\RMPOC\WEBAppTest\bin\Debug\webapptest.dll" adapterTypeName="Microsoft.VisualStudio.TestTools.TestTypes.Unit.UnitTestAdapter" className="WEBAppTest.UnitTest1" name="AllowTodelete" />
    </UnitTest>
  </TestDefinitions>
  <TestEntries>
    <TestEntry testId="ae87161b-2afe-a193-fe67-e4e9ff59fb99" executionId="cb5db9d2-1131-4eed-b9ff-c455ad68bb9d" testListId="8c84fa94-04c1-424b-9868-57a2d4851a1d" />
    <TestEntry testId="b7d498b2-7e2f-2279-887d-ff8de18bccc1" executionId="5ef9bc2e-caac-4a78-a5fb-72990a1add0d" testListId="8c84fa94-04c1-424b-9868-57a2d4851a1d" />
    <TestEntry testId="bc6ef9e4-759f-8e93-2f1b-8571ba5e5b00" executionId="73b2b419-15d1-43a8-91e8-9765ecc1df57" testListId="8c84fa94-04c1-424b-9868-57a2d4851a1d" />
    <TestEntry testId="74f28366-866f-4341-46f0-e9ca9187a6b2" executionId="c7177c40-733e-4d63-86d4-6eb9aa39b0f2" testListId="8c84fa94-04c1-424b-9868-57a2d4851a1d" />
    <TestEntry testId="e93c090e-84aa-70d9-84f0-2258ce9ca5d8" executionId="e6af5dd5-f086-4fdf-a942-e5345d6a0f33" testListId="8c84fa94-04c1-424b-9868-57a2d4851a1d" />
    <TestEntry testId="04494f54-9c18-7996-8c83-2262e3cc8f04" executionId="6b991022-f6dc-4cf8-9ddd-00ac4d4a2fd2" testListId="8c84fa94-04c1-424b-9868-57a2d4851a1d" />
    <TestEntry testId="056430bf-e211-632a-7324-223df25a77c8" executionId="9e9e6df7-6d38-4742-bc36-1cefc4521c10" testListId="8c84fa94-04c1-424b-9868-57a2d4851a1d" />
    <TestEntry testId="608d371d-4b42-75ce-6bdd-b43be418ee43" executionId="1a0aeb6e-37b3-4be6-aefe-183d89875692" testListId="8c84fa94-04c1-424b-9868-57a2d4851a1d" />
    <TestEntry testId="41c64251-249e-dd75-d99c-c72e2017a3d7" executionId="bb9119b6-4592-4795-a6cd-749ed66e3061" testListId="8c84fa94-04c1-424b-9868-57a2d4851a1d" />
    <TestEntry testId="c71e658e-3bd6-6b83-515f-5bfbd1406dfb" executionId="fcb6b513-54ab-4fa2-991f-ec7eb2823f15" testListId="8c84fa94-04c1-424b-9868-57a2d4851a1d" />
    <TestEntry testId="4acd0773-ff9a-c4bb-570f-03894dc9aa55" executionId="ff053879-cd9a-4aca-a499-4a7a580a9bd5" testListId="8c84fa94-04c1-424b-9868-57a2d4851a1d" />
    <TestEntry testId="d90e2038-5c19-d405-cd20-674baac5b536" executionId="8566cc65-f98c-4458-ba3d-3bffc5438281" testListId="8c84fa94-04c1-424b-9868-57a2d4851a1d" />
    <TestEntry testId="9dcaec13-6c3a-4d95-818c-445de6f166ea" executionId="4626f732-e125-4ade-b0c4-bded17f564b9" testListId="8c84fa94-04c1-424b-9868-57a2d4851a1d" />
    <TestEntry testId="63e11fea-a1ab-8323-e8e3-b136572d5069" executionId="868379bd-a7b1-4f56-a152-2b5fd0bfcd4f" testListId="8c84fa94-04c1-424b-9868-57a2d4851a1d" />
    <TestEntry testId="18b9914d-4a07-24ba-9ec5-0156651db0b1" executionId="44ec4d0f-3a38-459c-ada1-ab70674a6bfa" testListId="8c84fa94-04c1-424b-9868-57a2d4851a1d" />
    <TestEntry testId="cff466a5-ca6c-d66d-8e52-e36ea81e6df1" executionId="3fc175c3-e58a-4ddd-9a81-208b4810dc62" testListId="8c84fa94-04c1-424b-9868-57a2d4851a1d" />
    <TestEntry testId="d85b69ec-1650-22ca-a55f-ac4bad811653" executionId="c9409cf9-878e-410b-b4ec-3a81ef6155f3" testListId="8c84fa94-04c1-424b-9868-57a2d4851a1d" />
  </TestEntries>
  <TestLists>
    <TestList name="Results Not in a List" id="8c84fa94-04c1-424b-9868-57a2d4851a1d" />
    <TestList name="All Loaded Results" id="19431567-8539-422a-85d7-44ee4e166bda" />
  </TestLists>
  <ResultSummary outcome="Failed">
    <Counters total="17" executed="17" passed="16" failed="1" error="0" timeout="0" aborted="0" inconclusive="0" passedButRunAborted="0" notRunnable="0" notExecuted="0" disconnected="0" warning="0" completed="0" inProgress="0" pending="0" />
    <CollectorDataEntries>
      <Collector agentName="INGGNEL81DLYX1" uri="datacollector://microsoft/CodeCoverage/2.0" collectorDisplayName="Code Coverage">
        <UriAttachments>
          <UriAttachment>
            <A href="INGGNEL81DLYX1\krishan-kant_INGGNEL81DLYX1 2017-07-28 11_30_22.coverage">
            </A>
          </UriAttachment>
        </UriAttachments>
      </Collector>
    </CollectorDataEntries>
  </ResultSummary>
</TestRun>